Loading db file '/usr/cad/Design_Kit/CBDK_IC_Contest_v2.5/SynopsysDC/db/slow.db'
Information: Propagating switching activity (low effort zero delay simulation). (PWR-6)
Warning: Design has unannotated primary inputs. (PWR-414)
Warning: Design has unannotated sequential cell outputs. (PWR-415)
 
****************************************
Report : power
        -analysis_effort low
Design : CONV
Version: T-2022.03
Date   : Fri Sep 13 10:02:58 2024
****************************************


Library(s) Used:

    slow (File: /usr/cad/Design_Kit/CBDK_IC_Contest_v2.5/SynopsysDC/db/slow.db)


Operating Conditions: slow   Library: slow
Wire Load Model Mode: top

Design        Wire Load Model            Library
------------------------------------------------
CONV                   tsmc13_wl10       slow


Global Operating Voltage = 1.08 
Power-specific unit information :
    Voltage Units = 1V
    Capacitance Units = 1.000000pf
    Time Units = 1ns
    Dynamic Power Units = 1mW    (derived from V,C,T units)
    Leakage Power Units = 1pW


Attributes
----------
i - Including register clock pin internal power


  Cell Internal Power  = 571.9558 uW   (47%)
  Net Switching Power  = 646.5040 uW   (53%)
                         ---------
Total Dynamic Power    =   1.2185 mW  (100%)

Cell Leakage Power     =  39.1420 uW


                 Internal         Switching           Leakage            Total
Power Group      Power            Power               Power              Power   (   %    )  Attrs
--------------------------------------------------------------------------------------------------
io_pad             0.0000            0.0000            0.0000            0.0000  (   0.00%)
memory             0.0000            0.0000            0.0000            0.0000  (   0.00%)
black_box          0.0000            0.0000            0.0000            0.0000  (   0.00%)
clock_network      0.2829            0.0000            0.0000            0.0000  (   0.00%)  i
register       1.3015e-02        2.6562e-02        3.9984e+06            0.3265  (  25.96%)
sequential         0.0000            0.0000            0.0000            0.0000  (   0.00%)
combinational      0.2760            0.6199        3.5144e+07            0.9311  (  74.04%)
--------------------------------------------------------------------------------------------------
Total              0.5720 mW         0.6465 mW     3.9142e+07 pW         1.2576 mW
1
