 
****************************************
Report : area
Design : DT
Version: T-2022.03
Date   : Mon Aug 26 15:52:02 2024
****************************************

Library(s) Used:

    slow (File: /usr/cad/Design_Kit/CBDK_IC_Contest_v2.5/SynopsysDC/db/slow.db)

Number of ports:                          198
Number of nets:                          1067
Number of cells:                          821
Number of combinational cells:            748
Number of sequential cells:                67
Number of macros/black boxes:               0
Number of buf/inv:                         75
Number of references:                      81

Combinational area:               7120.592899
Buf/Inv area:                      342.874795
Noncombinational area:            2400.123573
Macro/Black Box area:                0.000000
Net Interconnect area:          100100.501526

Total cell area:                  9520.716472
Total area:                     109621.217998
1
