 
****************************************
Report : timing
        -path full
        -delay max
        -max_paths 1
Design : DT
Version: T-2022.03
Date   : Mon Aug 26 15:52:02 2024
****************************************

Operating Conditions: slow   Library: slow
Wire Load Model Mode: top

  Startpoint: res_di[2] (input port clocked by clk)
  Endpoint: res_do_reg[0]
            (rising edge-triggered flip-flop clocked by clk)
  Path Group: clk
  Path Type: max

  Des/Clust/Port     Wire Load Model       Library
  ------------------------------------------------
  DT                 tsmc13_wl10           slow

  Point                                    Incr       Path
  -----------------------------------------------------------
  clock clk (rise edge)                    0.00       0.00
  clock network delay (ideal)              0.50       0.50
  input external delay                     5.00       5.50 f
  res_di[2] (in)                           0.05       5.55 f
  U421/Y (NAND2XL)                         0.43       5.98 r
  U396/Y (NAND2BX1)                        0.30       6.28 f
  U1003/Y (AOI211X1)                       0.32       6.61 r
  U1004/Y (OAI31XL)                        0.27       6.88 f
  U1006/Y (OAI211X1)                       0.35       7.23 r
  U1010/Y (AOI32X1)                        0.25       7.48 f
  U1011/Y (OAI22XL)                        0.83       8.31 r
  U449/Y (INVX1)                           0.34       8.65 f
  U624/Y (OAI21XL)                         0.51       9.16 r
  U626/Y (OAI22XL)                         0.34       9.50 f
  U464/Y (AOI32XL)                         0.53      10.03 r
  U627/Y (OAI2BB1X1)                       0.20      10.23 f
  res_do_reg[0]/D (DFFRX2)                 0.00      10.23 f
  data arrival time                                  10.23

  clock clk (rise edge)                   10.00      10.00
  clock network delay (ideal)              0.50      10.50
  clock uncertainty                       -0.10      10.40
  res_do_reg[0]/CK (DFFRX2)                0.00      10.40 r
  library setup time                      -0.14      10.26
  data required time                                 10.26
  -----------------------------------------------------------
  data required time                                 10.26
  data arrival time                                 -10.23
  -----------------------------------------------------------
  slack (MET)                                         0.04


1
